<?xml version="1.0" encoding="UTF-8"?>
<!-- Generated by org.testng.reporters.JUnitReportReporter -->
<testsuite hostname="Radhil_M_R" failures="0" tests="4" name="testscript.LoginTest" time="10.561" errors="0" timestamp="2025-02-03T23:50:42 IST" skipped="0">
  <testcase classname="testscript.LoginTest" name="verifyWhetherUserIsAbleLoginSuccessfullywithValidUsernameandValidPassword" time="3.067"/>
  <system-out/>
  <testcase classname="testscript.LoginTest" name="verifyWhetherUserisNotAbleToLoginSuccessfullywithInvalidUsernameAndInvalidPassword" time="2.319"/>
  <system-out/>
  <testcase classname="testscript.LoginTest" name="verifyWhetherUserisNotAbleToLoginSuccessfullywithInvalidUsernameAndValidPassword" time="2.214"/>
  <system-out/>
  <testcase classname="testscript.LoginTest" name="verifyWhetherUserisNotAbleToLoginSuccessfullywithValidUsernameAndInvalidPassword" time="2.961"/>
  <system-out/>
</testsuite> <!-- testscript.LoginTest -->
