<?xml version="1.0" encoding="UTF-8"?>
<!-- Generated by org.testng.reporters.JUnitReportReporter -->
<testsuite hostname="Radhil_M_R" failures="0" tests="4" name="testscript.Login" time="9.765" errors="0" timestamp="2025-02-03T23:09:39 IST" skipped="0">
  <testcase classname="testscript.Login" name="verifyWhetherUserisNotAbleToLoginSuccessfullywithValidUsernameAndInvalidPassword" time="2.279"/>
  <testcase classname="testscript.Login" name="verifyWhetherUserisNotAbleToLoginSuccessfullywithInvalidUsernameAndInvalidPassword" time="2.763"/>
  <testcase classname="testscript.Login" name="verifyWhetherUserisNotAbleToLoginSuccessfullywithInvalidUsernameAndValidPassword" time="2.339"/>
  <testcase classname="testscript.Login" name="verifyWhetherUserisAbleToLoginSuccessfullywithValidUsernameandVallidPassword" time="2.384"/>
</testsuite> <!-- testscript.Login -->
