<?xml version="1.0" encoding="UTF-8"?>
<!-- Generated by org.testng.reporters.JUnitReportReporter -->
<testsuite hostname="Radhil_M_R" failures="0" tests="2" name="testscript.LoginTest" time="7.575" errors="0" timestamp="2025-02-05T07:40:06 IST" skipped="0">
  <testcase classname="testscript.LoginTest" name="verifyWhetherUserisNotAbleToLoginSuccessfullywithValidUsernameAndInvalidPassword" time="3.343"/>
  <system-out/>
  <testcase classname="testscript.LoginTest" name="verifyWhetherUserIsAbleLoginSuccessfullywithValidUsernameandValidPassword" time="4.232"/>
  <system-out/>
</testsuite> <!-- testscript.LoginTest -->
